
> react-typescript-starter@0.1.0 test
> react-scripts test "--coverage"

PASS src/App.test.tsx
  ✓ renders the course name somewhere (46 ms)

--------------------|---------|----------|---------|---------|-------------------
File                | % Stmts | % Branch | % Funcs | % Lines | Uncovered Line #s 
--------------------|---------|----------|---------|---------|-------------------
All files           |    10.6 |        0 |   12.12 |   10.93 |                   
 src                |     100 |      100 |     100 |     100 |                   
  App.tsx           |     100 |      100 |     100 |     100 |                   
 src/components     |    9.23 |        0 |    9.37 |    9.52 |                   
  CourseEdit.tsx    |       0 |      100 |       0 |       0 | 7-12              
  Courses.tsx       |       0 |        0 |       0 |       0 | 12-155            
  CreatePlan.tsx    |    37.5 |      100 |   16.66 |    37.5 | 16-22,30-33       
  ShowCourses.tsx   |     100 |      100 |     100 |     100 |                   
  ShowSemesters.tsx |       0 |      100 |       0 |       0 | 10                
  Years.tsx         |       0 |      100 |       0 |       0 | 10-31             
 src/interfaces     |       0 |        0 |       0 |       0 |                   
  course.ts         |       0 |        0 |       0 |       0 |                   
  plan.ts           |       0 |        0 |       0 |       0 |                   
  term.ts           |       0 |        0 |       0 |       0 |                   
  year.ts           |       0 |        0 |       0 |       0 |                   
--------------------|---------|----------|---------|---------|-------------------
Test Suites: 1 passed, 1 total
Tests:       1 passed, 1 total
Snapshots:   0 total
Time:        3.134 s
Ran all test suites.
