
> react-typescript-starter@0.1.0 test
> react-scripts test "--coverage"

PASS src/App.test.tsx
  ✓ renders the course name somewhere (41 ms)

--------------------|---------|----------|---------|---------|-------------------
File                | % Stmts | % Branch | % Funcs | % Lines | Uncovered Line #s 
--------------------|---------|----------|---------|---------|-------------------
All files           |   10.52 |        0 |    7.69 |   10.52 |                   
 src                |     100 |      100 |     100 |     100 |                   
  App.tsx           |     100 |      100 |     100 |     100 |                   
 src/components     |     8.1 |        0 |       4 |     8.1 |                   
  Courses.tsx       |       0 |        0 |       0 |       0 | 10-63             
  CreatePlan.tsx    |    37.5 |      100 |   16.66 |    37.5 | 11-17,25-28       
  ShowSemesters.tsx |       0 |      100 |       0 |       0 | 5-7               
  Years.tsx         |       0 |      100 |       0 |       0 | 5-26              
 src/interfaces     |       0 |        0 |       0 |       0 |                   
  course.ts         |       0 |        0 |       0 |       0 |                   
  plan.ts           |       0 |        0 |       0 |       0 |                   
  term.ts           |       0 |        0 |       0 |       0 |                   
  year.ts           |       0 |        0 |       0 |       0 |                   
--------------------|---------|----------|---------|---------|-------------------
Test Suites: 1 passed, 1 total
Tests:       1 passed, 1 total
Snapshots:   0 total
Time:        1.832 s
Ran all test suites.
